[25-May-2017 08:44:16 Europe/Lisbon] 0
[25-May-2017 08:44:47 Europe/Lisbon] 0
00[25-May-2017 08:58:49 Europe/Lisbon] 0
00[25-May-2017 08:59:00 Europe/Lisbon] 0
0Login Error: up12321Incompatible in Normal Login![25-May-2017 09:05:25 Europe/Lisbon] Login Error: up12321Incompatible in Normal Login!
Login Error: up12321Incompatible in Normal Login![25-May-2017 09:06:16 Europe/Lisbon] Login Error: up213213Incompatible in Normal Login!
[25-May-2017 09:06:32 Europe/Lisbon] Login Error: up123123up123123up123123up123123Incompatible in Normal Login!
[25-May-2017 09:17:10 Europe/Lisbon] PHP Fatal error:  Call to undefined function project_allowed() in /opt/lbaw/lbaw1665/public_html/final/actions/search/action_search_all.php on line 15
[25-May-2017 09:17:11 Europe/Lisbon] PHP Fatal error:  Call to undefined function project_allowed() in /opt/lbaw/lbaw1665/public_html/final/actions/search/action_search_all.php on line 15
[25-May-2017 09:18:04 Europe/Lisbon] PHP Fatal error:  Call to undefined function project_allowed() in /opt/lbaw/lbaw1665/public_html/final/actions/search/action_search_all.php on line 15
[25-May-2017 09:18:06 Europe/Lisbon] PHP Fatal error:  Call to undefined function project_allowed() in /opt/lbaw/lbaw1665/public_html/final/actions/search/action_search_all.php on line 15
[25-May-2017 09:27:21 Europe/Lisbon] PHP Fatal error:  Uncaught exception 'PDOException' with message 'SQLSTATE[42601]: Syntax error: 7 ERROR:  syntax error at or near "$1"
LINE 1: ...or('english',description) @@ to_tsquery('english,'$1) OR to_...
                                                             ^' in /opt/lbaw/lbaw1665/public_html/final/database/search.php:14
Stack trace:
#0 /opt/lbaw/lbaw1665/public_html/final/database/search.php(14): PDOStatement->execute(Array)
#1 /opt/lbaw/lbaw1665/public_html/final/actions/search/action_search_all.php(22): search_task(NULL, '81')
#2 {main}
  thrown in /opt/lbaw/lbaw1665/public_html/final/database/search.php on line 14
[25-May-2017 09:33:15 Europe/Lisbon] PHP Fatal error:  Uncaught exception 'PDOException' with message 'SQLSTATE[42601]: Syntax error: 7 ERROR:  syntax error at or near "$1"
LINE 1: ...or('english',description) @@ to_tsquery('english,'$1) OR to_...
                                                             ^' in /opt/lbaw/lbaw1665/public_html/final/database/search.php:15
Stack trace:
#0 /opt/lbaw/lbaw1665/public_html/final/database/search.php(15): PDOStatement->execute(Array)
#1 /opt/lbaw/lbaw1665/public_html/final/actions/search/action_search_all.php(22): search_task(NULL, '81')
#2 {main}
  thrown in /opt/lbaw/lbaw1665/public_html/final/database/search.php on line 15
[25-May-2017 09:37:22 Europe/Lisbon] 0
[25-May-2017 09:38:09 Europe/Lisbon] Login Error: up213213Incompatible in Normal Login! 

[25-May-2017 09:38:09 Europe/Lisbon] Login Error: up213213Incompatible in Normal Login! 

[25-May-2017 09:38:20 Europe/Lisbon] Login Error: up213213Incompatible in Normal Login! 

[25-May-2017 09:38:52 Europe/Lisbon] Login Error: up213213Incompatible in Normal Login! 

[25-May-2017 09:40:42 Europe/Lisbon] 0
[25-May-2017 09:40:45 Europe/Lisbon] 0
[25-May-2017 09:42:42 Europe/Lisbon] PHP Fatal error:  Uncaught  --> Smarty Compiler: Syntax error in template "/opt/lbaw/lbaw1665/public_html/final/templates/common/rightSidebar.tpl"  on line 94 "if (param_name[0] == "forum"){//O id representa o id do forum"  - Unexpected "/", expected one of: "identifier" <-- 
  thrown in /opt/lbaw/lbaw1665/public_html/final/lib/smarty/sysplugins/smarty_internal_templatecompilerbase.php on line 94
[25-May-2017 09:46:11 Europe/Lisbon] DB Error:SQLSTATE[42601]: Syntax error: 7 ERROR:  syntax error at or near "$2"
LINE 1: ..._tsvector('english',name) @@ to_tsquery('english,'$2)) AND p...
                                                             ^
[25-May-2017 09:48:17 Europe/Lisbon] Login Error: up213123Incompatible in Normal Login! 

[25-May-2017 10:09:03 Europe/Lisbon] DB Error:Array
[25-May-2017 10:09:32 Europe/Lisbon] DB Error:1
[25-May-2017 10:11:31 Europe/Lisbon] DB Error:SQLSTATE[23505]: Unique violation: 7 ERROR:  duplicate key value violates unique constraint "post_pkey"
DETAIL:  Key (id)=(105) already exists.
[25-May-2017 10:11:38 Europe/Lisbon] DB Error:1
[25-May-2017 10:11:51 Europe/Lisbon] DB Error:1
[25-May-2017 10:12:08 Europe/Lisbon] DB Error:SQLSTATE[42601]: Syntax error: 7 ERROR:  syntax error at or near "$2"
LINE 1: ..._tsvector('english',name) @@ to_tsquery('english,'$2)) AND p...
                                                             ^
[25-May-2017 10:12:16 Europe/Lisbon] DB Error:SQLSTATE[42601]: Syntax error: 7 ERROR:  syntax error at or near "$2"
LINE 1: ..._tsvector('english',name) @@ to_tsquery('english,'$2)) AND p...
                                                             ^
[25-May-2017 10:12:18 Europe/Lisbon] DB Error:SQLSTATE[42601]: Syntax error: 7 ERROR:  syntax error at or near "$2"
LINE 1: ..._tsvector('english',name) @@ to_tsquery('english,'$2)) AND p...
                                                             ^
[25-May-2017 10:12:39 Europe/Lisbon] DB Error:SQLSTATE[23505]: Unique violation: 7 ERROR:  duplicate key value violates unique constraint "post_pkey"
DETAIL:  Key (id)=(106) already exists.
[25-May-2017 10:12:57 Europe/Lisbon] DB Error:SQLSTATE[42601]: Syntax error: 7 ERROR:  syntax error at or near "$2"
LINE 1: ..._tsvector('english',name) @@ to_tsquery('english,'$2)) AND p...
                                                             ^
[25-May-2017 10:21:25 Europe/Lisbon] DB Error:sadasdunknown
[25-May-2017 10:24:33 Europe/Lisbon] DB Error:asnd jkasnbdjsanjdnjnunknown
[25-May-2017 10:25:05 Europe/Lisbon] DB Error:aksjdkjaskjunknown
[25-May-2017 10:26:13 Europe/Lisbon] DB Error:asdjankjdunknown
[25-May-2017 10:28:03 Europe/Lisbon] DB Error:asdajkbdabunknown
[25-May-2017 10:28:23 Europe/Lisbon] DB Error:adasjkkunknown
[25-May-2017 10:29:45 Europe/Lisbon] DB Error:asdnjasnjdnunknown
[25-May-2017 10:30:13 Europe/Lisbon] DB Error:asmdakmkunknown
[25-May-2017 10:31:38 Europe/Lisbon] DB Error:asndjanunknown
[25-May-2017 10:34:27 Europe/Lisbon] DB Error:aandjnasjkunknown
[25-May-2017 10:35:37 Europe/Lisbon] DB Error:asdklanalkunknown
[25-May-2017 10:39:57 Europe/Lisbon] DB Error:vbjhvjhgvunknown
[25-May-2017 10:42:50 Europe/Lisbon] DB Error:sd jasdnjkunknown
[25-May-2017 10:42:59 Europe/Lisbon] DB Error:sd jasdnjkunknown
[25-May-2017 11:55:04 Europe/Lisbon] DB Error:SQLSTATE[42601]: Syntax error: 7 ERROR:  syntax error in tsquery: "sou um"
[25-May-2017 11:55:20 Europe/Lisbon] DB Error:SQLSTATE[42601]: Syntax error: 7 ERROR:  syntax error at or near "WHERE"
LINE 1: SELECT * FROM WHERE topic to_tsvector('english',title) @@ to...
                      ^
[25-May-2017 11:55:24 Europe/Lisbon] DB Error:SQLSTATE[42601]: Syntax error: 7 ERROR:  syntax error at or near "WHERE"
LINE 1: SELECT * FROM WHERE topic to_tsvector('english',title) @@ to...
                      ^
[25-May-2017 11:55:28 Europe/Lisbon] DB Error:SQLSTATE[42601]: Syntax error: 7 ERROR:  syntax error at or near "WHERE"
LINE 1: SELECT * FROM WHERE topic to_tsvector('english',title) @@ to...
                      ^
[25-May-2017 12:31:16 Europe/Lisbon] DB Error:SQLSTATE[42601]: Syntax error: 7 ERROR:  syntax error in tsquery: "sou um"
[25-May-2017 12:31:16 Europe/Lisbon] DB Error:SQLSTATE[42601]: Syntax error: 7 ERROR:  syntax error in tsquery: "sou um"
[25-May-2017 12:33:22 Europe/Lisbon] DB Error:adnandanlsnunknown
[25-May-2017 13:02:19 Europe/Lisbon] DB Error:euzinhounknown
[25-May-2017 13:02:20 Europe/Lisbon] DB Error:euzinhounknown
[25-May-2017 14:07:07 Europe/Lisbon] DB Error:asdasdasdunknown
[25-May-2017 14:07:20 Europe/Lisbon] DB Error:joaocsfunknown
[25-May-2017 14:07:21 Europe/Lisbon] DB Error:joaocsfunknown
[25-May-2017 14:39:21 Europe/Lisbon] DB Error:SQLSTATE[42601]: Syntax error: 7 ERROR:  syntax error at or near ")"
LINE 1: ...('english',title) @@ to_tsquery('english',$1)) OR ) AND proj...
                                                             ^
[25-May-2017 14:39:21 Europe/Lisbon] DB Error:SQLSTATE[42804]: Datatype mismatch: 7 ERROR:  argument of AND must be type boolean, not type numeric
LINE 1: ...english',content) @@ to_tsquery('english',$1) AND (SELECT to...
                                                             ^
[25-May-2017 14:39:21 Europe/Lisbon] DB Error:SQLSTATE[42601]: Syntax error: 7 ERROR:  syntax error at or near ")"
LINE 1: ...('english',title) @@ to_tsquery('english',$1)) OR ) AND proj...
                                                             ^
[25-May-2017 14:39:21 Europe/Lisbon] DB Error:SQLSTATE[42804]: Datatype mismatch: 7 ERROR:  argument of AND must be type boolean, not type numeric
LINE 1: ...english',content) @@ to_tsquery('english',$1) AND (SELECT to...
                                                             ^
[25-May-2017 14:39:21 Europe/Lisbon] DB Error:SQLSTATE[42601]: Syntax error: 7 ERROR:  syntax error at or near ")"
LINE 1: ...('english',title) @@ to_tsquery('english',$1)) OR ) AND proj...
                                                             ^
[25-May-2017 14:39:21 Europe/Lisbon] DB Error:SQLSTATE[42804]: Datatype mismatch: 7 ERROR:  argument of AND must be type boolean, not type numeric
LINE 1: ...english',content) @@ to_tsquery('english',$1) AND (SELECT to...
                                                             ^
[25-May-2017 14:39:23 Europe/Lisbon] DB Error:SQLSTATE[42601]: Syntax error: 7 ERROR:  syntax error at or near ")"
LINE 1: ...('english',title) @@ to_tsquery('english',$1)) OR ) AND proj...
                                                             ^
[25-May-2017 14:39:23 Europe/Lisbon] DB Error:SQLSTATE[42804]: Datatype mismatch: 7 ERROR:  argument of AND must be type boolean, not type numeric
LINE 1: ...english',content) @@ to_tsquery('english',$1) AND (SELECT to...
                                                             ^
[25-May-2017 14:39:24 Europe/Lisbon] DB Error:SQLSTATE[42601]: Syntax error: 7 ERROR:  syntax error at or near ")"
LINE 1: ...('english',title) @@ to_tsquery('english',$1)) OR ) AND proj...
                                                             ^
[25-May-2017 14:39:24 Europe/Lisbon] DB Error:SQLSTATE[42804]: Datatype mismatch: 7 ERROR:  argument of AND must be type boolean, not type numeric
LINE 1: ...english',content) @@ to_tsquery('english',$1) AND (SELECT to...
                                                             ^
[25-May-2017 14:39:24 Europe/Lisbon] DB Error:SQLSTATE[42601]: Syntax error: 7 ERROR:  syntax error at or near ")"
LINE 1: ...('english',title) @@ to_tsquery('english',$1)) OR ) AND proj...
                                                             ^
[25-May-2017 14:39:24 Europe/Lisbon] DB Error:SQLSTATE[42804]: Datatype mismatch: 7 ERROR:  argument of AND must be type boolean, not type numeric
LINE 1: ...english',content) @@ to_tsquery('english',$1) AND (SELECT to...
                                                             ^
[25-May-2017 14:39:26 Europe/Lisbon] DB Error:SQLSTATE[42601]: Syntax error: 7 ERROR:  syntax error at or near ")"
LINE 1: ...('english',title) @@ to_tsquery('english',$1)) OR ) AND proj...
                                                             ^
[25-May-2017 14:39:26 Europe/Lisbon] DB Error:SQLSTATE[42804]: Datatype mismatch: 7 ERROR:  argument of AND must be type boolean, not type numeric
LINE 1: ...english',content) @@ to_tsquery('english',$1) AND (SELECT to...
                                                             ^
[25-May-2017 14:40:00 Europe/Lisbon] DB Error:SQLSTATE[42601]: Syntax error: 7 ERROR:  syntax error at or near ")"
LINE 1: ...('english',title) @@ to_tsquery('english',$1)) OR ) AND proj...
                                                             ^
[25-May-2017 14:40:00 Europe/Lisbon] DB Error:SQLSTATE[42804]: Datatype mismatch: 7 ERROR:  argument of AND must be type boolean, not type numeric
LINE 1: ...english',content) @@ to_tsquery('english',$1) AND (SELECT to...
                                                             ^
[25-May-2017 14:40:00 Europe/Lisbon] DB Error:SQLSTATE[42601]: Syntax error: 7 ERROR:  syntax error at or near ")"
LINE 1: ...('english',title) @@ to_tsquery('english',$1)) OR ) AND proj...
                                                             ^
[25-May-2017 14:40:00 Europe/Lisbon] DB Error:SQLSTATE[42804]: Datatype mismatch: 7 ERROR:  argument of AND must be type boolean, not type numeric
LINE 1: ...english',content) @@ to_tsquery('english',$1) AND (SELECT to...
                                                             ^
[25-May-2017 14:40:00 Europe/Lisbon] DB Error:SQLSTATE[42601]: Syntax error: 7 ERROR:  syntax error at or near ")"
LINE 1: ...('english',title) @@ to_tsquery('english',$1)) OR ) AND proj...
                                                             ^
[25-May-2017 14:40:00 Europe/Lisbon] DB Error:SQLSTATE[42804]: Datatype mismatch: 7 ERROR:  argument of AND must be type boolean, not type numeric
LINE 1: ...english',content) @@ to_tsquery('english',$1) AND (SELECT to...
                                                             ^
[25-May-2017 14:40:09 Europe/Lisbon] DB Error:SQLSTATE[42601]: Syntax error: 7 ERROR:  syntax error at or near ")"
LINE 1: ...('english',title) @@ to_tsquery('english',$1)) OR ) AND proj...
                                                             ^
[25-May-2017 14:40:09 Europe/Lisbon] DB Error:SQLSTATE[42804]: Datatype mismatch: 7 ERROR:  argument of AND must be type boolean, not type numeric
LINE 1: ...english',content) @@ to_tsquery('english',$1) AND (SELECT to...
                                                             ^
[25-May-2017 14:40:09 Europe/Lisbon] DB Error:SQLSTATE[42601]: Syntax error: 7 ERROR:  syntax error at or near ")"
LINE 1: ...('english',title) @@ to_tsquery('english',$1)) OR ) AND proj...
                                                             ^
[25-May-2017 14:40:09 Europe/Lisbon] DB Error:SQLSTATE[42804]: Datatype mismatch: 7 ERROR:  argument of AND must be type boolean, not type numeric
LINE 1: ...english',content) @@ to_tsquery('english',$1) AND (SELECT to...
                                                             ^
[25-May-2017 14:40:35 Europe/Lisbon] DB Error:SQLSTATE[42601]: Syntax error: 7 ERROR:  syntax error at or near ")"
LINE 1: ...('english',title) @@ to_tsquery('english',$1)) OR ) AND proj...
                                                             ^
[25-May-2017 14:40:35 Europe/Lisbon] DB Error:SQLSTATE[42804]: Datatype mismatch: 7 ERROR:  argument of AND must be type boolean, not type numeric
LINE 1: ...english',content) @@ to_tsquery('english',$1) AND (SELECT to...
                                                             ^
[25-May-2017 14:40:35 Europe/Lisbon] DB Error:SQLSTATE[42601]: Syntax error: 7 ERROR:  syntax error at or near ")"
LINE 1: ...('english',title) @@ to_tsquery('english',$1)) OR ) AND proj...
                                                             ^
[25-May-2017 14:40:35 Europe/Lisbon] DB Error:SQLSTATE[42804]: Datatype mismatch: 7 ERROR:  argument of AND must be type boolean, not type numeric
LINE 1: ...english',content) @@ to_tsquery('english',$1) AND (SELECT to...
                                                             ^
[25-May-2017 14:40:55 Europe/Lisbon] DB Error:SQLSTATE[42601]: Syntax error: 7 ERROR:  syntax error at or near ")"
LINE 1: ...('english',title) @@ to_tsquery('english',$1)) OR ) AND proj...
                                                             ^
[25-May-2017 14:40:55 Europe/Lisbon] DB Error:SQLSTATE[42804]: Datatype mismatch: 7 ERROR:  argument of AND must be type boolean, not type numeric
LINE 1: ...english',content) @@ to_tsquery('english',$1) AND (SELECT to...
                                                             ^
[25-May-2017 14:40:55 Europe/Lisbon] DB Error:SQLSTATE[42601]: Syntax error: 7 ERROR:  syntax error at or near ")"
LINE 1: ...('english',title) @@ to_tsquery('english',$1)) OR ) AND proj...
                                                             ^
[25-May-2017 14:40:55 Europe/Lisbon] DB Error:SQLSTATE[42804]: Datatype mismatch: 7 ERROR:  argument of AND must be type boolean, not type numeric
LINE 1: ...english',content) @@ to_tsquery('english',$1) AND (SELECT to...
                                                             ^
[25-May-2017 14:41:46 Europe/Lisbon] DB Error:SQLSTATE[42601]: Syntax error: 7 ERROR:  syntax error at or near ")"
LINE 1: ...('english',title) @@ to_tsquery('english',$1)) OR ) AND proj...
                                                             ^
[25-May-2017 14:41:46 Europe/Lisbon] DB Error:SQLSTATE[42804]: Datatype mismatch: 7 ERROR:  argument of AND must be type boolean, not type integer
LINE 1: ...english',content) @@ to_tsquery('english',$1) AND (SELECT 1 ...
                                                             ^
[25-May-2017 14:41:46 Europe/Lisbon] DB Error:SQLSTATE[42601]: Syntax error: 7 ERROR:  syntax error at or near ")"
LINE 1: ...('english',title) @@ to_tsquery('english',$1)) OR ) AND proj...
                                                             ^
[25-May-2017 14:41:46 Europe/Lisbon] DB Error:SQLSTATE[42804]: Datatype mismatch: 7 ERROR:  argument of AND must be type boolean, not type integer
LINE 1: ...english',content) @@ to_tsquery('english',$1) AND (SELECT 1 ...
                                                             ^
[25-May-2017 14:41:46 Europe/Lisbon] DB Error:SQLSTATE[42601]: Syntax error: 7 ERROR:  syntax error at or near ")"
LINE 1: ...('english',title) @@ to_tsquery('english',$1)) OR ) AND proj...
                                                             ^
[25-May-2017 14:41:46 Europe/Lisbon] DB Error:SQLSTATE[42804]: Datatype mismatch: 7 ERROR:  argument of AND must be type boolean, not type integer
LINE 1: ...english',content) @@ to_tsquery('english',$1) AND (SELECT 1 ...
                                                             ^
[25-May-2017 14:41:47 Europe/Lisbon] DB Error:SQLSTATE[42601]: Syntax error: 7 ERROR:  syntax error at or near ")"
LINE 1: ...('english',title) @@ to_tsquery('english',$1)) OR ) AND proj...
                                                             ^
[25-May-2017 14:41:47 Europe/Lisbon] DB Error:SQLSTATE[42804]: Datatype mismatch: 7 ERROR:  argument of AND must be type boolean, not type integer
LINE 1: ...english',content) @@ to_tsquery('english',$1) AND (SELECT 1 ...
                                                             ^
[25-May-2017 14:41:47 Europe/Lisbon] DB Error:SQLSTATE[42601]: Syntax error: 7 ERROR:  syntax error at or near ")"
LINE 1: ...('english',title) @@ to_tsquery('english',$1)) OR ) AND proj...
                                                             ^
[25-May-2017 14:41:47 Europe/Lisbon] DB Error:SQLSTATE[42804]: Datatype mismatch: 7 ERROR:  argument of AND must be type boolean, not type integer
LINE 1: ...english',content) @@ to_tsquery('english',$1) AND (SELECT 1 ...
                                                             ^
[25-May-2017 14:41:47 Europe/Lisbon] DB Error:SQLSTATE[42601]: Syntax error: 7 ERROR:  syntax error at or near ")"
LINE 1: ...('english',title) @@ to_tsquery('english',$1)) OR ) AND proj...
                                                             ^
[25-May-2017 14:41:47 Europe/Lisbon] DB Error:SQLSTATE[42804]: Datatype mismatch: 7 ERROR:  argument of AND must be type boolean, not type integer
LINE 1: ...english',content) @@ to_tsquery('english',$1) AND (SELECT 1 ...
                                                             ^
[25-May-2017 14:41:49 Europe/Lisbon] DB Error:SQLSTATE[42601]: Syntax error: 7 ERROR:  syntax error at or near ")"
LINE 1: ...('english',title) @@ to_tsquery('english',$1)) OR ) AND proj...
                                                             ^
[25-May-2017 14:41:49 Europe/Lisbon] DB Error:SQLSTATE[42804]: Datatype mismatch: 7 ERROR:  argument of AND must be type boolean, not type integer
LINE 1: ...english',content) @@ to_tsquery('english',$1) AND (SELECT 1 ...
                                                             ^
[25-May-2017 14:41:49 Europe/Lisbon] DB Error:SQLSTATE[42601]: Syntax error: 7 ERROR:  syntax error at or near ")"
LINE 1: ...('english',title) @@ to_tsquery('english',$1)) OR ) AND proj...
                                                             ^
[25-May-2017 14:41:49 Europe/Lisbon] DB Error:SQLSTATE[42804]: Datatype mismatch: 7 ERROR:  argument of AND must be type boolean, not type integer
LINE 1: ...english',content) @@ to_tsquery('english',$1) AND (SELECT 1 ...
                                                             ^
[25-May-2017 14:41:49 Europe/Lisbon] DB Error:SQLSTATE[42601]: Syntax error: 7 ERROR:  syntax error at or near ")"
LINE 1: ...('english',title) @@ to_tsquery('english',$1)) OR ) AND proj...
                                                             ^
[25-May-2017 14:41:49 Europe/Lisbon] DB Error:SQLSTATE[42804]: Datatype mismatch: 7 ERROR:  argument of AND must be type boolean, not type integer
LINE 1: ...english',content) @@ to_tsquery('english',$1) AND (SELECT 1 ...
                                                             ^
[25-May-2017 14:41:50 Europe/Lisbon] DB Error:SQLSTATE[42601]: Syntax error: 7 ERROR:  syntax error at or near ")"
LINE 1: ...('english',title) @@ to_tsquery('english',$1)) OR ) AND proj...
                                                             ^
[25-May-2017 14:41:50 Europe/Lisbon] DB Error:SQLSTATE[42804]: Datatype mismatch: 7 ERROR:  argument of AND must be type boolean, not type integer
LINE 1: ...english',content) @@ to_tsquery('english',$1) AND (SELECT 1 ...
                                                             ^
[25-May-2017 14:41:50 Europe/Lisbon] DB Error:SQLSTATE[42601]: Syntax error: 7 ERROR:  syntax error at or near ")"
LINE 1: ...('english',title) @@ to_tsquery('english',$1)) OR ) AND proj...
                                                             ^
[25-May-2017 14:41:50 Europe/Lisbon] DB Error:SQLSTATE[42804]: Datatype mismatch: 7 ERROR:  argument of AND must be type boolean, not type integer
LINE 1: ...english',content) @@ to_tsquery('english',$1) AND (SELECT 1 ...
                                                             ^
[25-May-2017 14:41:50 Europe/Lisbon] DB Error:SQLSTATE[42601]: Syntax error: 7 ERROR:  syntax error at or near ")"
LINE 1: ...('english',title) @@ to_tsquery('english',$1)) OR ) AND proj...
                                                             ^
[25-May-2017 14:41:50 Europe/Lisbon] DB Error:SQLSTATE[42804]: Datatype mismatch: 7 ERROR:  argument of AND must be type boolean, not type integer
LINE 1: ...english',content) @@ to_tsquery('english',$1) AND (SELECT 1 ...
                                                             ^
[25-May-2017 14:42:04 Europe/Lisbon] DB Error:SQLSTATE[42601]: Syntax error: 7 ERROR:  syntax error at or near ")"
LINE 1: ...('english',title) @@ to_tsquery('english',$1)) OR ) AND proj...
                                                             ^
[25-May-2017 14:42:04 Europe/Lisbon] DB Error:SQLSTATE[42601]: Syntax error: 7 ERROR:  syntax error at or near ")"
LINE 1: ...('english',title) @@ to_tsquery('english',$1)) OR ) AND proj...
                                                             ^
[25-May-2017 14:42:04 Europe/Lisbon] DB Error:SQLSTATE[42601]: Syntax error: 7 ERROR:  syntax error at or near ")"
LINE 1: ...('english',title) @@ to_tsquery('english',$1)) OR ) AND proj...
                                                             ^
[25-May-2017 14:42:04 Europe/Lisbon] DB Error:SQLSTATE[42601]: Syntax error: 7 ERROR:  syntax error at or near ")"
LINE 1: ...('english',title) @@ to_tsquery('english',$1)) OR ) AND proj...
                                                             ^
[25-May-2017 14:42:04 Europe/Lisbon] DB Error:SQLSTATE[42601]: Syntax error: 7 ERROR:  syntax error at or near ")"
LINE 1: ...('english',title) @@ to_tsquery('english',$1)) OR ) AND proj...
                                                             ^
[25-May-2017 14:42:04 Europe/Lisbon] DB Error:SQLSTATE[42601]: Syntax error: 7 ERROR:  syntax error at or near ")"
LINE 1: ...('english',title) @@ to_tsquery('english',$1)) OR ) AND proj...
                                                             ^
[25-May-2017 14:42:05 Europe/Lisbon] DB Error:SQLSTATE[42601]: Syntax error: 7 ERROR:  syntax error at or near ")"
LINE 1: ...('english',title) @@ to_tsquery('english',$1)) OR ) AND proj...
                                                             ^
[25-May-2017 14:42:05 Europe/Lisbon] DB Error:SQLSTATE[42601]: Syntax error: 7 ERROR:  syntax error at or near ")"
LINE 1: ...('english',title) @@ to_tsquery('english',$1)) OR ) AND proj...
                                                             ^
[25-May-2017 14:42:05 Europe/Lisbon] DB Error:SQLSTATE[42601]: Syntax error: 7 ERROR:  syntax error at or near ")"
LINE 1: ...('english',title) @@ to_tsquery('english',$1)) OR ) AND proj...
                                                             ^
[25-May-2017 14:42:05 Europe/Lisbon] DB Error:SQLSTATE[42601]: Syntax error: 7 ERROR:  syntax error at or near ")"
LINE 1: ...('english',title) @@ to_tsquery('english',$1)) OR ) AND proj...
                                                             ^
[25-May-2017 14:42:21 Europe/Lisbon] DB Error:SQLSTATE[42601]: Syntax error: 7 ERROR:  syntax error at or near ")"
LINE 1: ...('english',title) @@ to_tsquery('english',$1)) OR ) AND proj...
                                                             ^
[25-May-2017 14:42:21 Europe/Lisbon] DB Error:SQLSTATE[42804]: Datatype mismatch: 7 ERROR:  argument of AND must be type boolean, not type integer
LINE 1: ...english',content) @@ to_tsquery('english',$1) AND (SELECT 1 ...
                                                             ^
[25-May-2017 14:42:21 Europe/Lisbon] DB Error:SQLSTATE[42601]: Syntax error: 7 ERROR:  syntax error at or near ")"
LINE 1: ...('english',title) @@ to_tsquery('english',$1)) OR ) AND proj...
                                                             ^
[25-May-2017 14:42:21 Europe/Lisbon] DB Error:SQLSTATE[42804]: Datatype mismatch: 7 ERROR:  argument of AND must be type boolean, not type integer
LINE 1: ...english',content) @@ to_tsquery('english',$1) AND (SELECT 1 ...
                                                             ^
[25-May-2017 14:42:21 Europe/Lisbon] DB Error:SQLSTATE[42601]: Syntax error: 7 ERROR:  syntax error at or near ")"
LINE 1: ...('english',title) @@ to_tsquery('english',$1)) OR ) AND proj...
                                                             ^
[25-May-2017 14:42:21 Europe/Lisbon] DB Error:SQLSTATE[42804]: Datatype mismatch: 7 ERROR:  argument of AND must be type boolean, not type integer
LINE 1: ...english',content) @@ to_tsquery('english',$1) AND (SELECT 1 ...
                                                             ^
[25-May-2017 14:42:22 Europe/Lisbon] DB Error:SQLSTATE[42601]: Syntax error: 7 ERROR:  syntax error at or near ")"
LINE 1: ...('english',title) @@ to_tsquery('english',$1)) OR ) AND proj...
                                                             ^
[25-May-2017 14:42:22 Europe/Lisbon] DB Error:SQLSTATE[42804]: Datatype mismatch: 7 ERROR:  argument of AND must be type boolean, not type integer
LINE 1: ...english',content) @@ to_tsquery('english',$1) AND (SELECT 1 ...
                                                             ^
[25-May-2017 14:42:22 Europe/Lisbon] DB Error:SQLSTATE[42601]: Syntax error: 7 ERROR:  syntax error at or near ")"
LINE 1: ...('english',title) @@ to_tsquery('english',$1)) OR ) AND proj...
                                                             ^
[25-May-2017 14:42:22 Europe/Lisbon] DB Error:SQLSTATE[42804]: Datatype mismatch: 7 ERROR:  argument of AND must be type boolean, not type integer
LINE 1: ...english',content) @@ to_tsquery('english',$1) AND (SELECT 1 ...
                                                             ^
[25-May-2017 14:42:22 Europe/Lisbon] DB Error:SQLSTATE[42601]: Syntax error: 7 ERROR:  syntax error at or near ")"
LINE 1: ...('english',title) @@ to_tsquery('english',$1)) OR ) AND proj...
                                                             ^
[25-May-2017 14:42:22 Europe/Lisbon] DB Error:SQLSTATE[42804]: Datatype mismatch: 7 ERROR:  argument of AND must be type boolean, not type integer
LINE 1: ...english',content) @@ to_tsquery('english',$1) AND (SELECT 1 ...
                                                             ^
[25-May-2017 14:42:25 Europe/Lisbon] DB Error:SQLSTATE[42601]: Syntax error: 7 ERROR:  syntax error at or near ")"
LINE 1: ...('english',title) @@ to_tsquery('english',$1)) OR ) AND proj...
                                                             ^
[25-May-2017 14:42:25 Europe/Lisbon] DB Error:SQLSTATE[42804]: Datatype mismatch: 7 ERROR:  argument of AND must be type boolean, not type integer
LINE 1: ...english',content) @@ to_tsquery('english',$1) AND (SELECT 1 ...
                                                             ^
[25-May-2017 14:45:21 Europe/Lisbon] DB Error:SQLSTATE[42601]: Syntax error: 7 ERROR:  syntax error at or near ")"
LINE 1: ...('english',title) @@ to_tsquery('english',$1)) OR ) AND proj...
                                                             ^
[25-May-2017 14:45:23 Europe/Lisbon] DB Error:SQLSTATE[42601]: Syntax error: 7 ERROR:  syntax error at or near ")"
LINE 1: ...('english',title) @@ to_tsquery('english',$1)) OR ) AND proj...
                                                             ^
[25-May-2017 14:45:23 Europe/Lisbon] DB Error:SQLSTATE[42601]: Syntax error: 7 ERROR:  syntax error at or near ")"
LINE 1: ...('english',title) @@ to_tsquery('english',$1)) OR ) AND proj...
                                                             ^
[25-May-2017 14:45:23 Europe/Lisbon] DB Error:SQLSTATE[42601]: Syntax error: 7 ERROR:  syntax error at or near ")"
LINE 1: ...('english',title) @@ to_tsquery('english',$1)) OR ) AND proj...
                                                             ^
[25-May-2017 14:45:23 Europe/Lisbon] DB Error:SQLSTATE[42601]: Syntax error: 7 ERROR:  syntax error at or near ")"
LINE 1: ...('english',title) @@ to_tsquery('english',$1)) OR ) AND proj...
                                                             ^
[25-May-2017 14:45:23 Europe/Lisbon] DB Error:SQLSTATE[42601]: Syntax error: 7 ERROR:  syntax error at or near ")"
LINE 1: ...('english',title) @@ to_tsquery('english',$1)) OR ) AND proj...
                                                             ^
[25-May-2017 14:45:25 Europe/Lisbon] DB Error:SQLSTATE[42601]: Syntax error: 7 ERROR:  syntax error at or near ")"
LINE 1: ...('english',title) @@ to_tsquery('english',$1)) OR ) AND proj...
                                                             ^
[25-May-2017 14:46:02 Europe/Lisbon] DB Error:SQLSTATE[42601]: Syntax error: 7 ERROR:  syntax error at or near ")"
LINE 1: ...('english',title) @@ to_tsquery('english',$1)) OR ) AND proj...
                                                             ^
[25-May-2017 14:46:02 Europe/Lisbon] DB Error:SQLSTATE[42601]: Syntax error: 7 ERROR:  syntax error at or near ")"
LINE 1: ...('english',title) @@ to_tsquery('english',$1)) OR ) AND proj...
                                                             ^
[25-May-2017 14:46:03 Europe/Lisbon] DB Error:SQLSTATE[42601]: Syntax error: 7 ERROR:  syntax error at or near ")"
LINE 1: ...('english',title) @@ to_tsquery('english',$1)) OR ) AND proj...
                                                             ^
[25-May-2017 14:46:03 Europe/Lisbon] DB Error:SQLSTATE[42601]: Syntax error: 7 ERROR:  syntax error at or near ")"
LINE 1: ...('english',title) @@ to_tsquery('english',$1)) OR ) AND proj...
                                                             ^
[25-May-2017 14:46:03 Europe/Lisbon] DB Error:SQLSTATE[42601]: Syntax error: 7 ERROR:  syntax error at or near ")"
LINE 1: ...('english',title) @@ to_tsquery('english',$1)) OR ) AND proj...
                                                             ^
[25-May-2017 14:46:03 Europe/Lisbon] DB Error:SQLSTATE[42601]: Syntax error: 7 ERROR:  syntax error at or near ")"
LINE 1: ...('english',title) @@ to_tsquery('english',$1)) OR ) AND proj...
                                                             ^
[25-May-2017 14:46:03 Europe/Lisbon] DB Error:SQLSTATE[42601]: Syntax error: 7 ERROR:  syntax error at or near ")"
LINE 1: ...('english',title) @@ to_tsquery('english',$1)) OR ) AND proj...
                                                             ^
[25-May-2017 14:46:04 Europe/Lisbon] DB Error:SQLSTATE[42601]: Syntax error: 7 ERROR:  syntax error at or near ")"
LINE 1: ...('english',title) @@ to_tsquery('english',$1)) OR ) AND proj...
                                                             ^
[25-May-2017 14:46:05 Europe/Lisbon] DB Error:SQLSTATE[42601]: Syntax error: 7 ERROR:  syntax error at or near ")"
LINE 1: ...('english',title) @@ to_tsquery('english',$1)) OR ) AND proj...
                                                             ^
[25-May-2017 14:46:49 Europe/Lisbon] DB Error:SQLSTATE[42601]: Syntax error: 7 ERROR:  syntax error at or near ")"
LINE 1: ...('english',title) @@ to_tsquery('english',$1)) OR ) AND proj...
                                                             ^
[25-May-2017 14:46:49 Europe/Lisbon] DB Error:SQLSTATE[42601]: Syntax error: 7 ERROR:  syntax error at or near ")"
LINE 1: ...('english',title) @@ to_tsquery('english',$1)) OR ) AND proj...
                                                             ^
[25-May-2017 14:46:49 Europe/Lisbon] DB Error:SQLSTATE[42601]: Syntax error: 7 ERROR:  syntax error at or near ")"
LINE 1: ...('english',title) @@ to_tsquery('english',$1)) OR ) AND proj...
                                                             ^
[25-May-2017 14:46:49 Europe/Lisbon] DB Error:SQLSTATE[42601]: Syntax error: 7 ERROR:  syntax error at or near ")"
LINE 1: ...('english',title) @@ to_tsquery('english',$1)) OR ) AND proj...
                                                             ^
[25-May-2017 14:46:49 Europe/Lisbon] DB Error:SQLSTATE[42601]: Syntax error: 7 ERROR:  syntax error at or near ")"
LINE 1: ...('english',title) @@ to_tsquery('english',$1)) OR ) AND proj...
                                                             ^
[25-May-2017 14:47:18 Europe/Lisbon] DB Error:SQLSTATE[42601]: Syntax error: 7 ERROR:  syntax error at or near ")"
LINE 1: ...('english',title) @@ to_tsquery('english',$1)) OR ) AND proj...
                                                             ^
[25-May-2017 14:47:18 Europe/Lisbon] DB Error:SQLSTATE[42804]: Datatype mismatch: 7 ERROR:  argument of AND must be type boolean, not type integer
LINE 1: ...english',content) @@ to_tsquery('english',$1) AND (SELECT 1 ...
                                                             ^
[25-May-2017 14:47:18 Europe/Lisbon] DB Error:SQLSTATE[42601]: Syntax error: 7 ERROR:  syntax error at or near ")"
LINE 1: ...('english',title) @@ to_tsquery('english',$1)) OR ) AND proj...
                                                             ^
[25-May-2017 14:47:18 Europe/Lisbon] DB Error:SQLSTATE[42804]: Datatype mismatch: 7 ERROR:  argument of AND must be type boolean, not type integer
LINE 1: ...english',content) @@ to_tsquery('english',$1) AND (SELECT 1 ...
                                                             ^
[25-May-2017 14:47:18 Europe/Lisbon] DB Error:SQLSTATE[42601]: Syntax error: 7 ERROR:  syntax error at or near ")"
LINE 1: ...('english',title) @@ to_tsquery('english',$1)) OR ) AND proj...
                                                             ^
[25-May-2017 14:47:18 Europe/Lisbon] DB Error:SQLSTATE[42804]: Datatype mismatch: 7 ERROR:  argument of AND must be type boolean, not type integer
LINE 1: ...english',content) @@ to_tsquery('english',$1) AND (SELECT 1 ...
                                                             ^
[25-May-2017 14:47:18 Europe/Lisbon] DB Error:SQLSTATE[42601]: Syntax error: 7 ERROR:  syntax error at or near ")"
LINE 1: ...('english',title) @@ to_tsquery('english',$1)) OR ) AND proj...
                                                             ^
[25-May-2017 14:47:18 Europe/Lisbon] DB Error:SQLSTATE[42804]: Datatype mismatch: 7 ERROR:  argument of AND must be type boolean, not type integer
LINE 1: ...english',content) @@ to_tsquery('english',$1) AND (SELECT 1 ...
                                                             ^
[25-May-2017 14:47:19 Europe/Lisbon] DB Error:SQLSTATE[42601]: Syntax error: 7 ERROR:  syntax error at or near ")"
LINE 1: ...('english',title) @@ to_tsquery('english',$1)) OR ) AND proj...
                                                             ^
[25-May-2017 14:47:19 Europe/Lisbon] DB Error:SQLSTATE[42804]: Datatype mismatch: 7 ERROR:  argument of AND must be type boolean, not type integer
LINE 1: ...english',content) @@ to_tsquery('english',$1) AND (SELECT 1 ...
                                                             ^
[25-May-2017 14:47:19 Europe/Lisbon] DB Error:SQLSTATE[42601]: Syntax error: 7 ERROR:  syntax error at or near ")"
LINE 1: ...('english',title) @@ to_tsquery('english',$1)) OR ) AND proj...
                                                             ^
[25-May-2017 14:47:19 Europe/Lisbon] DB Error:SQLSTATE[42804]: Datatype mismatch: 7 ERROR:  argument of AND must be type boolean, not type integer
LINE 1: ...english',content) @@ to_tsquery('english',$1) AND (SELECT 1 ...
                                                             ^
[25-May-2017 14:47:20 Europe/Lisbon] DB Error:SQLSTATE[42601]: Syntax error: 7 ERROR:  syntax error at or near ")"
LINE 1: ...('english',title) @@ to_tsquery('english',$1)) OR ) AND proj...
                                                             ^
[25-May-2017 14:47:20 Europe/Lisbon] DB Error:SQLSTATE[42804]: Datatype mismatch: 7 ERROR:  argument of AND must be type boolean, not type integer
LINE 1: ...english',content) @@ to_tsquery('english',$1) AND (SELECT 1 ...
                                                             ^
[25-May-2017 14:47:21 Europe/Lisbon] DB Error:SQLSTATE[42601]: Syntax error: 7 ERROR:  syntax error at or near ")"
LINE 1: ...('english',title) @@ to_tsquery('english',$1)) OR ) AND proj...
                                                             ^
[25-May-2017 14:47:21 Europe/Lisbon] DB Error:SQLSTATE[42804]: Datatype mismatch: 7 ERROR:  argument of AND must be type boolean, not type integer
LINE 1: ...english',content) @@ to_tsquery('english',$1) AND (SELECT 1 ...
                                                             ^
[25-May-2017 14:47:38 Europe/Lisbon] DB Error:SQLSTATE[42601]: Syntax error: 7 ERROR:  syntax error at or near ")"
LINE 1: ...('english',title) @@ to_tsquery('english',$1)) OR ) AND proj...
                                                             ^
[25-May-2017 14:47:38 Europe/Lisbon] DB Error:SQLSTATE[42P18]: Indeterminate datatype: 7 ERROR:  could not determine data type of parameter $3
[25-May-2017 14:47:38 Europe/Lisbon] DB Error:SQLSTATE[42601]: Syntax error: 7 ERROR:  syntax error at or near ")"
LINE 1: ...('english',title) @@ to_tsquery('english',$1)) OR ) AND proj...
                                                             ^
[25-May-2017 14:47:38 Europe/Lisbon] DB Error:SQLSTATE[42P18]: Indeterminate datatype: 7 ERROR:  could not determine data type of parameter $3
[25-May-2017 14:47:38 Europe/Lisbon] DB Error:SQLSTATE[42601]: Syntax error: 7 ERROR:  syntax error at or near ")"
LINE 1: ...('english',title) @@ to_tsquery('english',$1)) OR ) AND proj...
                                                             ^
[25-May-2017 14:47:38 Europe/Lisbon] DB Error:SQLSTATE[42P18]: Indeterminate datatype: 7 ERROR:  could not determine data type of parameter $3
[25-May-2017 14:47:38 Europe/Lisbon] DB Error:SQLSTATE[42601]: Syntax error: 7 ERROR:  syntax error at or near ")"
LINE 1: ...('english',title) @@ to_tsquery('english',$1)) OR ) AND proj...
                                                             ^
[25-May-2017 14:47:38 Europe/Lisbon] DB Error:SQLSTATE[42P18]: Indeterminate datatype: 7 ERROR:  could not determine data type of parameter $3
[25-May-2017 14:47:38 Europe/Lisbon] DB Error:SQLSTATE[42601]: Syntax error: 7 ERROR:  syntax error at or near ")"
LINE 1: ...('english',title) @@ to_tsquery('english',$1)) OR ) AND proj...
                                                             ^
[25-May-2017 14:47:38 Europe/Lisbon] DB Error:SQLSTATE[42P18]: Indeterminate datatype: 7 ERROR:  could not determine data type of parameter $3
[25-May-2017 14:47:38 Europe/Lisbon] DB Error:SQLSTATE[42601]: Syntax error: 7 ERROR:  syntax error at or near ")"
LINE 1: ...('english',title) @@ to_tsquery('english',$1)) OR ) AND proj...
                                                             ^
[25-May-2017 14:47:38 Europe/Lisbon] DB Error:SQLSTATE[42P18]: Indeterminate datatype: 7 ERROR:  could not determine data type of parameter $3
[25-May-2017 14:47:40 Europe/Lisbon] DB Error:SQLSTATE[42601]: Syntax error: 7 ERROR:  syntax error at or near ")"
LINE 1: ...('english',title) @@ to_tsquery('english',$1)) OR ) AND proj...
                                                             ^
[25-May-2017 14:47:40 Europe/Lisbon] DB Error:SQLSTATE[42P18]: Indeterminate datatype: 7 ERROR:  could not determine data type of parameter $3
[25-May-2017 14:47:40 Europe/Lisbon] DB Error:SQLSTATE[42601]: Syntax error: 7 ERROR:  syntax error at or near ")"
LINE 1: ...('english',title) @@ to_tsquery('english',$1)) OR ) AND proj...
                                                             ^
[25-May-2017 14:47:40 Europe/Lisbon] DB Error:SQLSTATE[42P18]: Indeterminate datatype: 7 ERROR:  could not determine data type of parameter $3
[25-May-2017 14:48:13 Europe/Lisbon] DB Error:SQLSTATE[42601]: Syntax error: 7 ERROR:  syntax error at or near ")"
LINE 1: ...('english',title) @@ to_tsquery('english',$1)) OR ) AND proj...
                                                             ^
[25-May-2017 14:48:13 Europe/Lisbon] DB Error:SQLSTATE[42601]: Syntax error: 7 ERROR:  syntax error at or near ")"
LINE 1: ...('english',title) @@ to_tsquery('english',$1)) OR ) AND proj...
                                                             ^
[25-May-2017 14:48:13 Europe/Lisbon] DB Error:SQLSTATE[42601]: Syntax error: 7 ERROR:  syntax error at or near ")"
LINE 1: ...('english',title) @@ to_tsquery('english',$1)) OR ) AND proj...
                                                             ^
[25-May-2017 14:48:13 Europe/Lisbon] DB Error:SQLSTATE[42601]: Syntax error: 7 ERROR:  syntax error at or near ")"
LINE 1: ...('english',title) @@ to_tsquery('english',$1)) OR ) AND proj...
                                                             ^
[25-May-2017 14:48:14 Europe/Lisbon] DB Error:SQLSTATE[42601]: Syntax error: 7 ERROR:  syntax error at or near ")"
LINE 1: ...('english',title) @@ to_tsquery('english',$1)) OR ) AND proj...
                                                             ^
[25-May-2017 14:48:14 Europe/Lisbon] DB Error:SQLSTATE[42601]: Syntax error: 7 ERROR:  syntax error at or near ")"
LINE 1: ...('english',title) @@ to_tsquery('english',$1)) OR ) AND proj...
                                                             ^
[25-May-2017 14:48:15 Europe/Lisbon] DB Error:SQLSTATE[42601]: Syntax error: 7 ERROR:  syntax error at or near ")"
LINE 1: ...('english',title) @@ to_tsquery('english',$1)) OR ) AND proj...
                                                             ^
[25-May-2017 14:49:07 Europe/Lisbon] DB Error:SQLSTATE[42601]: Syntax error: 7 ERROR:  syntax error at or near ")"
LINE 1: ...('english',title) @@ to_tsquery('english',$1)) OR ) AND proj...
                                                             ^
[25-May-2017 14:49:08 Europe/Lisbon] DB Error:SQLSTATE[42601]: Syntax error: 7 ERROR:  syntax error at or near ")"
LINE 1: ...('english',title) @@ to_tsquery('english',$1)) OR ) AND proj...
                                                             ^
[25-May-2017 14:49:08 Europe/Lisbon] DB Error:SQLSTATE[42601]: Syntax error: 7 ERROR:  syntax error at or near ")"
LINE 1: ...('english',title) @@ to_tsquery('english',$1)) OR ) AND proj...
                                                             ^
[25-May-2017 14:49:08 Europe/Lisbon] DB Error:SQLSTATE[42601]: Syntax error: 7 ERROR:  syntax error at or near ")"
LINE 1: ...('english',title) @@ to_tsquery('english',$1)) OR ) AND proj...
                                                             ^
[25-May-2017 14:49:08 Europe/Lisbon] DB Error:SQLSTATE[42601]: Syntax error: 7 ERROR:  syntax error at or near ")"
LINE 1: ...('english',title) @@ to_tsquery('english',$1)) OR ) AND proj...
                                                             ^
[25-May-2017 14:50:41 Europe/Lisbon] DB Error:SQLSTATE[42601]: Syntax error: 7 ERROR:  syntax error at or near ")"
LINE 1: ...('english',title) @@ to_tsquery('english',$1)) OR ) AND proj...
                                                             ^
[25-May-2017 14:50:41 Europe/Lisbon] DB Error:SQLSTATE[42601]: Syntax error: 7 ERROR:  syntax error at or near ")"
LINE 1: ...('english',title) @@ to_tsquery('english',$1)) OR ) AND proj...
                                                             ^
[25-May-2017 14:52:25 Europe/Lisbon] DB Error:SQLSTATE[42601]: Syntax error: 7 ERROR:  syntax error at or near ")"
LINE 1: ...('english',title) @@ to_tsquery('english',$1)) OR ) AND proj...
                                                             ^
[25-May-2017 14:52:25 Europe/Lisbon] DB Error:SQLSTATE[42601]: Syntax error: 7 ERROR:  syntax error at or near ")"
LINE 1: ...('english',title) @@ to_tsquery('english',$1)) OR ) AND proj...
                                                             ^
[25-May-2017 14:54:06 Europe/Lisbon] DB Error:SQLSTATE[42601]: Syntax error: 7 ERROR:  syntax error at or near ")"
LINE 1: ...('english',title) @@ to_tsquery('english',$1)) OR ) AND proj...
                                                             ^
[25-May-2017 14:54:07 Europe/Lisbon] DB Error:SQLSTATE[42601]: Syntax error: 7 ERROR:  syntax error at or near ")"
LINE 1: ...('english',title) @@ to_tsquery('english',$1)) OR ) AND proj...
                                                             ^
[25-May-2017 14:54:07 Europe/Lisbon] DB Error:SQLSTATE[42601]: Syntax error: 7 ERROR:  syntax error at or near ")"
LINE 1: ...('english',title) @@ to_tsquery('english',$1)) OR ) AND proj...
                                                             ^
[25-May-2017 14:54:07 Europe/Lisbon] DB Error:SQLSTATE[42601]: Syntax error: 7 ERROR:  syntax error at or near ")"
LINE 1: ...('english',title) @@ to_tsquery('english',$1)) OR ) AND proj...
                                                             ^
[25-May-2017 14:54:07 Europe/Lisbon] DB Error:SQLSTATE[42601]: Syntax error: 7 ERROR:  syntax error at or near ")"
LINE 1: ...('english',title) @@ to_tsquery('english',$1)) OR ) AND proj...
                                                             ^
[25-May-2017 14:55:20 Europe/Lisbon] DB Error:SQLSTATE[42601]: Syntax error: 7 ERROR:  syntax error at or near ")"
LINE 1: ...('english',title) @@ to_tsquery('english',$1)) OR ) AND proj...
                                                             ^
[25-May-2017 14:55:21 Europe/Lisbon] DB Error:SQLSTATE[42601]: Syntax error: 7 ERROR:  syntax error at or near ")"
LINE 1: ...('english',title) @@ to_tsquery('english',$1)) OR ) AND proj...
                                                             ^
[25-May-2017 14:55:21 Europe/Lisbon] DB Error:SQLSTATE[42601]: Syntax error: 7 ERROR:  syntax error at or near ")"
LINE 1: ...('english',title) @@ to_tsquery('english',$1)) OR ) AND proj...
                                                             ^
[25-May-2017 14:55:21 Europe/Lisbon] DB Error:SQLSTATE[42601]: Syntax error: 7 ERROR:  syntax error at or near ")"
LINE 1: ...('english',title) @@ to_tsquery('english',$1)) OR ) AND proj...
                                                             ^
[25-May-2017 14:55:21 Europe/Lisbon] DB Error:SQLSTATE[42601]: Syntax error: 7 ERROR:  syntax error at or near ")"
LINE 1: ...('english',title) @@ to_tsquery('english',$1)) OR ) AND proj...
                                                             ^
[25-May-2017 14:55:21 Europe/Lisbon] DB Error:SQLSTATE[42601]: Syntax error: 7 ERROR:  syntax error at or near ")"
LINE 1: ...('english',title) @@ to_tsquery('english',$1)) OR ) AND proj...
                                                             ^
[25-May-2017 14:55:22 Europe/Lisbon] DB Error:SQLSTATE[42601]: Syntax error: 7 ERROR:  syntax error at or near ")"
LINE 1: ...('english',title) @@ to_tsquery('english',$1)) OR ) AND proj...
                                                             ^
[25-May-2017 14:55:23 Europe/Lisbon] DB Error:SQLSTATE[42601]: Syntax error: 7 ERROR:  syntax error at or near ")"
LINE 1: ...('english',title) @@ to_tsquery('english',$1)) OR ) AND proj...
                                                             ^
[25-May-2017 14:55:23 Europe/Lisbon] DB Error:SQLSTATE[42601]: Syntax error: 7 ERROR:  syntax error at or near ")"
LINE 1: ...('english',title) @@ to_tsquery('english',$1)) OR ) AND proj...
                                                             ^
[25-May-2017 14:55:23 Europe/Lisbon] DB Error:SQLSTATE[42601]: Syntax error: 7 ERROR:  syntax error at or near ")"
LINE 1: ...('english',title) @@ to_tsquery('english',$1)) OR ) AND proj...
                                                             ^
[25-May-2017 14:55:23 Europe/Lisbon] DB Error:SQLSTATE[42601]: Syntax error: 7 ERROR:  syntax error at or near ")"
LINE 1: ...('english',title) @@ to_tsquery('english',$1)) OR ) AND proj...
                                                             ^
[25-May-2017 14:55:23 Europe/Lisbon] DB Error:SQLSTATE[42601]: Syntax error: 7 ERROR:  syntax error at or near ")"
LINE 1: ...('english',title) @@ to_tsquery('english',$1)) OR ) AND proj...
                                                             ^
[25-May-2017 14:55:23 Europe/Lisbon] DB Error:SQLSTATE[42601]: Syntax error: 7 ERROR:  syntax error at or near ")"
LINE 1: ...('english',title) @@ to_tsquery('english',$1)) OR ) AND proj...
                                                             ^
[25-May-2017 14:55:24 Europe/Lisbon] DB Error:SQLSTATE[42601]: Syntax error: 7 ERROR:  syntax error at or near ")"
LINE 1: ...('english',title) @@ to_tsquery('english',$1)) OR ) AND proj...
                                                             ^
[25-May-2017 14:55:24 Europe/Lisbon] DB Error:SQLSTATE[42601]: Syntax error: 7 ERROR:  syntax error at or near ")"
LINE 1: ...('english',title) @@ to_tsquery('english',$1)) OR ) AND proj...
                                                             ^
[25-May-2017 14:55:24 Europe/Lisbon] DB Error:SQLSTATE[42601]: Syntax error: 7 ERROR:  syntax error at or near ")"
LINE 1: ...('english',title) @@ to_tsquery('english',$1)) OR ) AND proj...
                                                             ^
[25-May-2017 14:55:24 Europe/Lisbon] DB Error:SQLSTATE[42601]: Syntax error: 7 ERROR:  syntax error at or near ")"
LINE 1: ...('english',title) @@ to_tsquery('english',$1)) OR ) AND proj...
                                                             ^
[25-May-2017 14:55:24 Europe/Lisbon] DB Error:SQLSTATE[42601]: Syntax error: 7 ERROR:  syntax error at or near ")"
LINE 1: ...('english',title) @@ to_tsquery('english',$1)) OR ) AND proj...
                                                             ^
[25-May-2017 14:55:25 Europe/Lisbon] DB Error:SQLSTATE[42601]: Syntax error: 7 ERROR:  syntax error at or near ")"
LINE 1: ...('english',title) @@ to_tsquery('english',$1)) OR ) AND proj...
                                                             ^
[25-May-2017 14:55:59 Europe/Lisbon] DB Error:SQLSTATE[42601]: Syntax error: 7 ERROR:  syntax error at or near ")"
LINE 1: ...('english',title) @@ to_tsquery('english',$1)) OR ) AND proj...
                                                             ^
[25-May-2017 14:56:02 Europe/Lisbon] DB Error:SQLSTATE[42601]: Syntax error: 7 ERROR:  syntax error at or near ")"
LINE 1: ...('english',title) @@ to_tsquery('english',$1)) OR ) AND proj...
                                                             ^
[25-May-2017 14:56:02 Europe/Lisbon] DB Error:SQLSTATE[42601]: Syntax error: 7 ERROR:  syntax error at or near ")"
LINE 1: ...('english',title) @@ to_tsquery('english',$1)) OR ) AND proj...
                                                             ^
[25-May-2017 14:56:04 Europe/Lisbon] DB Error:SQLSTATE[42601]: Syntax error: 7 ERROR:  syntax error at or near ")"
LINE 1: ...('english',title) @@ to_tsquery('english',$1)) OR ) AND proj...
                                                             ^
[25-May-2017 14:56:34 Europe/Lisbon] DB Error:SQLSTATE[42601]: Syntax error: 7 ERROR:  syntax error at or near ")"
LINE 1: ...('english',title) @@ to_tsquery('english',$1)) OR ) AND proj...
                                                             ^
[25-May-2017 14:56:34 Europe/Lisbon] DB Error:SQLSTATE[42601]: Syntax error: 7 ERROR:  syntax error at or near ")"
LINE 1: ...('english',title) @@ to_tsquery('english',$1)) OR ) AND proj...
                                                             ^
[25-May-2017 14:56:35 Europe/Lisbon] DB Error:SQLSTATE[42601]: Syntax error: 7 ERROR:  syntax error at or near ")"
LINE 1: ...('english',title) @@ to_tsquery('english',$1)) OR ) AND proj...
                                                             ^
[25-May-2017 14:57:02 Europe/Lisbon] DB Error:SQLSTATE[42601]: Syntax error: 7 ERROR:  syntax error at or near ")"
LINE 1: ...('english',title) @@ to_tsquery('english',$1)) OR ) AND proj...
                                                             ^
[25-May-2017 14:57:03 Europe/Lisbon] DB Error:SQLSTATE[42601]: Syntax error: 7 ERROR:  syntax error at or near ")"
LINE 1: ...('english',title) @@ to_tsquery('english',$1)) OR ) AND proj...
                                                             ^
[25-May-2017 15:00:05 Europe/Lisbon] DB Error:SQLSTATE[42601]: Syntax error: 7 ERROR:  syntax error at or near ")"
LINE 1: ...('english',title) @@ to_tsquery('english',$1)) OR ) AND proj...
                                                             ^
[25-May-2017 15:00:05 Europe/Lisbon] DB Error:SQLSTATE[42601]: Syntax error: 7 ERROR:  syntax error at or near ")"
LINE 1: ...('english',title) @@ to_tsquery('english',$1)) OR ) AND proj...
                                                             ^
[25-May-2017 15:00:05 Europe/Lisbon] DB Error:SQLSTATE[42601]: Syntax error: 7 ERROR:  syntax error at or near ")"
LINE 1: ...('english',title) @@ to_tsquery('english',$1)) OR ) AND proj...
                                                             ^
[25-May-2017 15:00:05 Europe/Lisbon] DB Error:SQLSTATE[42601]: Syntax error: 7 ERROR:  syntax error at or near ")"
LINE 1: ...('english',title) @@ to_tsquery('english',$1)) OR ) AND proj...
                                                             ^
[25-May-2017 15:00:05 Europe/Lisbon] DB Error:SQLSTATE[42601]: Syntax error: 7 ERROR:  syntax error at or near ")"
LINE 1: ...('english',title) @@ to_tsquery('english',$1)) OR ) AND proj...
                                                             ^
[25-May-2017 15:02:29 Europe/Lisbon] DB Error:SQLSTATE[42601]: Syntax error: 7 ERROR:  syntax error at or near ")"
LINE 1: ...('english',title) @@ to_tsquery('english',$1)) OR ) AND proj...
                                                             ^
[25-May-2017 15:02:29 Europe/Lisbon] DB Error:SQLSTATE[42703]: Undefined column: 7 ERROR:  column "null$3" does not exist
LINE 1: ...opic.id AND topic.project_id = $2 AND topic.task_id = null$3
                                                                 ^
[25-May-2017 15:02:29 Europe/Lisbon] DB Error:SQLSTATE[42601]: Syntax error: 7 ERROR:  syntax error at or near ")"
LINE 1: ...('english',title) @@ to_tsquery('english',$1)) OR ) AND proj...
                                                             ^
[25-May-2017 15:02:29 Europe/Lisbon] DB Error:SQLSTATE[42703]: Undefined column: 7 ERROR:  column "null$3" does not exist
LINE 1: ...opic.id AND topic.project_id = $2 AND topic.task_id = null$3
                                                                 ^
[25-May-2017 15:02:29 Europe/Lisbon] DB Error:SQLSTATE[42601]: Syntax error: 7 ERROR:  syntax error at or near ")"
LINE 1: ...('english',title) @@ to_tsquery('english',$1)) OR ) AND proj...
                                                             ^
[25-May-2017 15:02:29 Europe/Lisbon] DB Error:SQLSTATE[42703]: Undefined column: 7 ERROR:  column "null$3" does not exist
LINE 1: ...opic.id AND topic.project_id = $2 AND topic.task_id = null$3
                                                                 ^
[25-May-2017 15:02:29 Europe/Lisbon] DB Error:SQLSTATE[42601]: Syntax error: 7 ERROR:  syntax error at or near ")"
LINE 1: ...('english',title) @@ to_tsquery('english',$1)) OR ) AND proj...
                                                             ^
[25-May-2017 15:02:29 Europe/Lisbon] DB Error:SQLSTATE[42703]: Undefined column: 7 ERROR:  column "null$3" does not exist
LINE 1: ...opic.id AND topic.project_id = $2 AND topic.task_id = null$3
                                                                 ^
[25-May-2017 15:02:29 Europe/Lisbon] DB Error:SQLSTATE[42601]: Syntax error: 7 ERROR:  syntax error at or near ")"
LINE 1: ...('english',title) @@ to_tsquery('english',$1)) OR ) AND proj...
                                                             ^
[25-May-2017 15:02:30 Europe/Lisbon] DB Error:SQLSTATE[42703]: Undefined column: 7 ERROR:  column "null$3" does not exist
LINE 1: ...opic.id AND topic.project_id = $2 AND topic.task_id = null$3
                                                                 ^
[25-May-2017 15:02:31 Europe/Lisbon] DB Error:SQLSTATE[42601]: Syntax error: 7 ERROR:  syntax error at or near ")"
LINE 1: ...('english',title) @@ to_tsquery('english',$1)) OR ) AND proj...
                                                             ^
[25-May-2017 15:02:31 Europe/Lisbon] DB Error:SQLSTATE[42703]: Undefined column: 7 ERROR:  column "null$3" does not exist
LINE 1: ...opic.id AND topic.project_id = $2 AND topic.task_id = null$3
                                                                 ^
[25-May-2017 15:02:31 Europe/Lisbon] DB Error:SQLSTATE[42601]: Syntax error: 7 ERROR:  syntax error at or near ")"
LINE 1: ...('english',title) @@ to_tsquery('english',$1)) OR ) AND proj...
                                                             ^
[25-May-2017 15:02:31 Europe/Lisbon] DB Error:SQLSTATE[42703]: Undefined column: 7 ERROR:  column "null$3" does not exist
LINE 1: ...opic.id AND topic.project_id = $2 AND topic.task_id = null$3
                                                                 ^
[25-May-2017 15:02:31 Europe/Lisbon] DB Error:SQLSTATE[42601]: Syntax error: 7 ERROR:  syntax error at or near ")"
LINE 1: ...('english',title) @@ to_tsquery('english',$1)) OR ) AND proj...
                                                             ^
[25-May-2017 15:02:31 Europe/Lisbon] DB Error:SQLSTATE[42703]: Undefined column: 7 ERROR:  column "null$3" does not exist
LINE 1: ...opic.id AND topic.project_id = $2 AND topic.task_id = null$3
                                                                 ^
[25-May-2017 15:02:32 Europe/Lisbon] DB Error:SQLSTATE[42601]: Syntax error: 7 ERROR:  syntax error at or near ")"
LINE 1: ...('english',title) @@ to_tsquery('english',$1)) OR ) AND proj...
                                                             ^
[25-May-2017 15:02:32 Europe/Lisbon] DB Error:SQLSTATE[42703]: Undefined column: 7 ERROR:  column "null$3" does not exist
LINE 1: ...opic.id AND topic.project_id = $2 AND topic.task_id = null$3
                                                                 ^
[25-May-2017 15:02:45 Europe/Lisbon] DB Error:SQLSTATE[42601]: Syntax error: 7 ERROR:  syntax error at or near ")"
LINE 1: ...('english',title) @@ to_tsquery('english',$1)) OR ) AND proj...
                                                             ^
[25-May-2017 15:02:45 Europe/Lisbon] DB Error:SQLSTATE[42601]: Syntax error: 7 ERROR:  syntax error at or near ")"
LINE 1: ...('english',title) @@ to_tsquery('english',$1)) OR ) AND proj...
                                                             ^
[25-May-2017 15:02:46 Europe/Lisbon] DB Error:SQLSTATE[42601]: Syntax error: 7 ERROR:  syntax error at or near ")"
LINE 1: ...('english',title) @@ to_tsquery('english',$1)) OR ) AND proj...
                                                             ^
[25-May-2017 15:02:46 Europe/Lisbon] DB Error:SQLSTATE[42601]: Syntax error: 7 ERROR:  syntax error at or near ")"
LINE 1: ...('english',title) @@ to_tsquery('english',$1)) OR ) AND proj...
                                                             ^
[25-May-2017 15:02:46 Europe/Lisbon] DB Error:SQLSTATE[42601]: Syntax error: 7 ERROR:  syntax error at or near ")"
LINE 1: ...('english',title) @@ to_tsquery('english',$1)) OR ) AND proj...
                                                             ^
[25-May-2017 15:02:47 Europe/Lisbon] DB Error:SQLSTATE[42601]: Syntax error: 7 ERROR:  syntax error at or near ")"
LINE 1: ...('english',title) @@ to_tsquery('english',$1)) OR ) AND proj...
                                                             ^
[25-May-2017 15:02:47 Europe/Lisbon] DB Error:SQLSTATE[42601]: Syntax error: 7 ERROR:  syntax error at or near ")"
LINE 1: ...('english',title) @@ to_tsquery('english',$1)) OR ) AND proj...
                                                             ^
[25-May-2017 15:02:48 Europe/Lisbon] DB Error:SQLSTATE[42601]: Syntax error: 7 ERROR:  syntax error at or near ")"
LINE 1: ...('english',title) @@ to_tsquery('english',$1)) OR ) AND proj...
                                                             ^
[25-May-2017 15:03:04 Europe/Lisbon] DB Error:SQLSTATE[42601]: Syntax error: 7 ERROR:  syntax error at or near ")"
LINE 1: ...('english',title) @@ to_tsquery('english',$1)) OR ) AND proj...
                                                             ^
[25-May-2017 15:03:05 Europe/Lisbon] DB Error:SQLSTATE[42601]: Syntax error: 7 ERROR:  syntax error at or near ")"
LINE 1: ...('english',title) @@ to_tsquery('english',$1)) OR ) AND proj...
                                                             ^
[25-May-2017 15:03:05 Europe/Lisbon] DB Error:SQLSTATE[42601]: Syntax error: 7 ERROR:  syntax error at or near ")"
LINE 1: ...('english',title) @@ to_tsquery('english',$1)) OR ) AND proj...
                                                             ^
[25-May-2017 15:03:05 Europe/Lisbon] DB Error:SQLSTATE[42601]: Syntax error: 7 ERROR:  syntax error at or near ")"
LINE 1: ...('english',title) @@ to_tsquery('english',$1)) OR ) AND proj...
                                                             ^
[25-May-2017 15:03:05 Europe/Lisbon] DB Error:SQLSTATE[42601]: Syntax error: 7 ERROR:  syntax error at or near ")"
LINE 1: ...('english',title) @@ to_tsquery('english',$1)) OR ) AND proj...
                                                             ^
[25-May-2017 15:03:06 Europe/Lisbon] DB Error:SQLSTATE[42601]: Syntax error: 7 ERROR:  syntax error at or near ")"
LINE 1: ...('english',title) @@ to_tsquery('english',$1)) OR ) AND proj...
                                                             ^
[25-May-2017 15:03:37 Europe/Lisbon] DB Error:SQLSTATE[42601]: Syntax error: 7 ERROR:  syntax error at or near ")"
LINE 1: ...('english',title) @@ to_tsquery('english',$1)) OR ) AND proj...
                                                             ^
[25-May-2017 15:03:37 Europe/Lisbon] DB Error:SQLSTATE[42601]: Syntax error: 7 ERROR:  syntax error at or near ")"
LINE 1: ...('english',title) @@ to_tsquery('english',$1)) OR ) AND proj...
                                                             ^
[25-May-2017 15:03:37 Europe/Lisbon] DB Error:SQLSTATE[42601]: Syntax error: 7 ERROR:  syntax error at or near ")"
LINE 1: ...('english',title) @@ to_tsquery('english',$1)) OR ) AND proj...
                                                             ^
[25-May-2017 15:03:38 Europe/Lisbon] DB Error:SQLSTATE[42601]: Syntax error: 7 ERROR:  syntax error at or near ")"
LINE 1: ...('english',title) @@ to_tsquery('english',$1)) OR ) AND proj...
                                                             ^
[25-May-2017 15:03:38 Europe/Lisbon] DB Error:SQLSTATE[42601]: Syntax error: 7 ERROR:  syntax error at or near ")"
LINE 1: ...('english',title) @@ to_tsquery('english',$1)) OR ) AND proj...
                                                             ^
[25-May-2017 15:03:41 Europe/Lisbon] DB Error:SQLSTATE[42601]: Syntax error: 7 ERROR:  syntax error at or near ")"
LINE 1: ...('english',title) @@ to_tsquery('english',$1)) OR ) AND proj...
                                                             ^
[25-May-2017 15:03:41 Europe/Lisbon] DB Error:SQLSTATE[42601]: Syntax error: 7 ERROR:  syntax error at or near ")"
LINE 1: ...('english',title) @@ to_tsquery('english',$1)) OR ) AND proj...
                                                             ^
[25-May-2017 15:03:41 Europe/Lisbon] DB Error:SQLSTATE[42601]: Syntax error: 7 ERROR:  syntax error at or near ")"
LINE 1: ...('english',title) @@ to_tsquery('english',$1)) OR ) AND proj...
                                                             ^
[25-May-2017 15:03:43 Europe/Lisbon] DB Error:SQLSTATE[42601]: Syntax error: 7 ERROR:  syntax error at or near ")"
LINE 1: ...('english',title) @@ to_tsquery('english',$1)) OR ) AND proj...
                                                             ^
[25-May-2017 15:03:44 Europe/Lisbon] DB Error:SQLSTATE[42601]: Syntax error: 7 ERROR:  syntax error at or near ")"
LINE 1: ...('english',title) @@ to_tsquery('english',$1)) OR ) AND proj...
                                                             ^
[25-May-2017 15:04:21 Europe/Lisbon] DB Error:SQLSTATE[42601]: Syntax error: 7 ERROR:  syntax error at or near ")"
LINE 1: ...('english',title) @@ to_tsquery('english',$1)) OR ) AND proj...
                                                             ^
[25-May-2017 15:04:25 Europe/Lisbon] DB Error:SQLSTATE[42601]: Syntax error: 7 ERROR:  syntax error at or near ")"
LINE 1: ...('english',title) @@ to_tsquery('english',$1)) OR ) AND proj...
                                                             ^
[25-May-2017 15:04:25 Europe/Lisbon] DB Error:SQLSTATE[42601]: Syntax error: 7 ERROR:  syntax error at or near ")"
LINE 1: ...('english',title) @@ to_tsquery('english',$1)) OR ) AND proj...
                                                             ^
[25-May-2017 15:04:25 Europe/Lisbon] DB Error:SQLSTATE[42601]: Syntax error: 7 ERROR:  syntax error at or near ")"
LINE 1: ...('english',title) @@ to_tsquery('english',$1)) OR ) AND proj...
                                                             ^
[25-May-2017 15:04:25 Europe/Lisbon] DB Error:SQLSTATE[42601]: Syntax error: 7 ERROR:  syntax error at or near ")"
LINE 1: ...('english',title) @@ to_tsquery('english',$1)) OR ) AND proj...
                                                             ^
[25-May-2017 15:04:25 Europe/Lisbon] DB Error:SQLSTATE[42601]: Syntax error: 7 ERROR:  syntax error at or near ")"
LINE 1: ...('english',title) @@ to_tsquery('english',$1)) OR ) AND proj...
                                                             ^
[25-May-2017 15:04:26 Europe/Lisbon] DB Error:SQLSTATE[42601]: Syntax error: 7 ERROR:  syntax error at or near ")"
LINE 1: ...('english',title) @@ to_tsquery('english',$1)) OR ) AND proj...
                                                             ^
[25-May-2017 15:04:27 Europe/Lisbon] DB Error:SQLSTATE[42601]: Syntax error: 7 ERROR:  syntax error at or near ")"
LINE 1: ...('english',title) @@ to_tsquery('english',$1)) OR ) AND proj...
                                                             ^
[25-May-2017 15:04:35 Europe/Lisbon] DB Error:SQLSTATE[42601]: Syntax error: 7 ERROR:  syntax error at or near ")"
LINE 1: ...('english',title) @@ to_tsquery('english',$1)) OR ) AND proj...
                                                             ^
[25-May-2017 15:04:38 Europe/Lisbon] DB Error:SQLSTATE[42601]: Syntax error: 7 ERROR:  syntax error at or near ")"
LINE 1: ...('english',title) @@ to_tsquery('english',$1)) OR ) AND proj...
                                                             ^
[25-May-2017 15:04:38 Europe/Lisbon] DB Error:SQLSTATE[42601]: Syntax error: 7 ERROR:  syntax error at or near ")"
LINE 1: ...('english',title) @@ to_tsquery('english',$1)) OR ) AND proj...
                                                             ^
[25-May-2017 15:04:38 Europe/Lisbon] DB Error:SQLSTATE[42601]: Syntax error: 7 ERROR:  syntax error at or near ")"
LINE 1: ...('english',title) @@ to_tsquery('english',$1)) OR ) AND proj...
                                                             ^
[25-May-2017 15:04:38 Europe/Lisbon] DB Error:SQLSTATE[42601]: Syntax error: 7 ERROR:  syntax error at or near ")"
LINE 1: ...('english',title) @@ to_tsquery('english',$1)) OR ) AND proj...
                                                             ^
[25-May-2017 15:04:38 Europe/Lisbon] DB Error:SQLSTATE[42601]: Syntax error: 7 ERROR:  syntax error at or near ")"
LINE 1: ...('english',title) @@ to_tsquery('english',$1)) OR ) AND proj...
                                                             ^
[25-May-2017 15:04:40 Europe/Lisbon] DB Error:SQLSTATE[42601]: Syntax error: 7 ERROR:  syntax error at or near ")"
LINE 1: ...('english',title) @@ to_tsquery('english',$1)) OR ) AND proj...
                                                             ^
[25-May-2017 15:05:06 Europe/Lisbon] DB Error:SQLSTATE[42601]: Syntax error: 7 ERROR:  syntax error at or near ")"
LINE 1: ...('english',title) @@ to_tsquery('english',$1)) OR ) AND proj...
                                                             ^
[25-May-2017 15:05:06 Europe/Lisbon] DB Error:SQLSTATE[42601]: Syntax error: 7 ERROR:  syntax error at or near ")"
LINE 1: ...('english',title) @@ to_tsquery('english',$1)) OR ) AND proj...
                                                             ^
[25-May-2017 15:05:06 Europe/Lisbon] DB Error:SQLSTATE[42601]: Syntax error: 7 ERROR:  syntax error at or near ")"
LINE 1: ...('english',title) @@ to_tsquery('english',$1)) OR ) AND proj...
                                                             ^
[25-May-2017 15:05:07 Europe/Lisbon] DB Error:SQLSTATE[42601]: Syntax error: 7 ERROR:  syntax error at or near ")"
LINE 1: ...('english',title) @@ to_tsquery('english',$1)) OR ) AND proj...
                                                             ^
[25-May-2017 15:05:07 Europe/Lisbon] DB Error:SQLSTATE[42601]: Syntax error: 7 ERROR:  syntax error at or near ")"
LINE 1: ...('english',title) @@ to_tsquery('english',$1)) OR ) AND proj...
                                                             ^
[25-May-2017 15:05:07 Europe/Lisbon] DB Error:SQLSTATE[42601]: Syntax error: 7 ERROR:  syntax error at or near ")"
LINE 1: ...('english',title) @@ to_tsquery('english',$1)) OR ) AND proj...
                                                             ^
[25-May-2017 15:05:46 Europe/Lisbon] DB Error:SQLSTATE[42601]: Syntax error: 7 ERROR:  syntax error at or near ")"
LINE 1: ...('english',title) @@ to_tsquery('english',$1)) OR ) AND proj...
                                                             ^
[25-May-2017 15:05:46 Europe/Lisbon] DB Error:SQLSTATE[42601]: Syntax error: 7 ERROR:  syntax error at or near ")"
LINE 1: ...('english',title) @@ to_tsquery('english',$1)) OR ) AND proj...
                                                             ^
[25-May-2017 15:05:46 Europe/Lisbon] DB Error:SQLSTATE[42601]: Syntax error: 7 ERROR:  syntax error at or near ")"
LINE 1: ...('english',title) @@ to_tsquery('english',$1)) OR ) AND proj...
                                                             ^
[25-May-2017 15:05:46 Europe/Lisbon] DB Error:SQLSTATE[42601]: Syntax error: 7 ERROR:  syntax error at or near ")"
LINE 1: ...('english',title) @@ to_tsquery('english',$1)) OR ) AND proj...
                                                             ^
[25-May-2017 15:05:47 Europe/Lisbon] DB Error:SQLSTATE[42601]: Syntax error: 7 ERROR:  syntax error at or near ")"
LINE 1: ...('english',title) @@ to_tsquery('english',$1)) OR ) AND proj...
                                                             ^
[25-May-2017 15:05:47 Europe/Lisbon] DB Error:SQLSTATE[42601]: Syntax error: 7 ERROR:  syntax error at or near ")"
LINE 1: ...('english',title) @@ to_tsquery('english',$1)) OR ) AND proj...
                                                             ^
[25-May-2017 15:05:48 Europe/Lisbon] DB Error:SQLSTATE[42601]: Syntax error: 7 ERROR:  syntax error at or near ")"
LINE 1: ...('english',title) @@ to_tsquery('english',$1)) OR ) AND proj...
                                                             ^
[25-May-2017 15:05:49 Europe/Lisbon] DB Error:SQLSTATE[42601]: Syntax error: 7 ERROR:  syntax error at or near ")"
LINE 1: ...('english',title) @@ to_tsquery('english',$1)) OR ) AND proj...
                                                             ^
[25-May-2017 15:05:49 Europe/Lisbon] DB Error:SQLSTATE[42601]: Syntax error: 7 ERROR:  syntax error at or near ")"
LINE 1: ...('english',title) @@ to_tsquery('english',$1)) OR ) AND proj...
                                                             ^
[25-May-2017 15:05:49 Europe/Lisbon] DB Error:SQLSTATE[42601]: Syntax error: 7 ERROR:  syntax error at or near ")"
LINE 1: ...('english',title) @@ to_tsquery('english',$1)) OR ) AND proj...
                                                             ^
[25-May-2017 15:05:49 Europe/Lisbon] DB Error:SQLSTATE[42601]: Syntax error: 7 ERROR:  syntax error at or near ")"
LINE 1: ...('english',title) @@ to_tsquery('english',$1)) OR ) AND proj...
                                                             ^
[25-May-2017 15:05:49 Europe/Lisbon] DB Error:SQLSTATE[42601]: Syntax error: 7 ERROR:  syntax error at or near ")"
LINE 1: ...('english',title) @@ to_tsquery('english',$1)) OR ) AND proj...
                                                             ^
[25-May-2017 15:05:51 Europe/Lisbon] DB Error:SQLSTATE[42601]: Syntax error: 7 ERROR:  syntax error at or near ")"
LINE 1: ...('english',title) @@ to_tsquery('english',$1)) OR ) AND proj...
                                                             ^
[25-May-2017 15:05:51 Europe/Lisbon] DB Error:SQLSTATE[42601]: Syntax error: 7 ERROR:  syntax error at or near ")"
LINE 1: ...('english',title) @@ to_tsquery('english',$1)) OR ) AND proj...
                                                             ^
[25-May-2017 15:06:27 Europe/Lisbon] DB Error:SQLSTATE[42601]: Syntax error: 7 ERROR:  syntax error at or near ")"
LINE 1: ...('english',title) @@ to_tsquery('english',$1)) OR ) AND proj...
                                                             ^
[25-May-2017 15:06:27 Europe/Lisbon] DB Error:SQLSTATE[42601]: Syntax error: 7 ERROR:  syntax error at or near ")"
LINE 1: ...('english',title) @@ to_tsquery('english',$1)) OR ) AND proj...
                                                             ^
[25-May-2017 15:06:27 Europe/Lisbon] DB Error:SQLSTATE[42601]: Syntax error: 7 ERROR:  syntax error at or near ")"
LINE 1: ...('english',title) @@ to_tsquery('english',$1)) OR ) AND proj...
                                                             ^
[25-May-2017 15:06:27 Europe/Lisbon] DB Error:SQLSTATE[42601]: Syntax error: 7 ERROR:  syntax error at or near ")"
LINE 1: ...('english',title) @@ to_tsquery('english',$1)) OR ) AND proj...
                                                             ^
[25-May-2017 15:06:27 Europe/Lisbon] DB Error:SQLSTATE[42601]: Syntax error: 7 ERROR:  syntax error at or near ")"
LINE 1: ...('english',title) @@ to_tsquery('english',$1)) OR ) AND proj...
                                                             ^
[25-May-2017 15:06:43 Europe/Lisbon] DB Error:SQLSTATE[42601]: Syntax error: 7 ERROR:  syntax error at or near ")"
LINE 1: ...('english',title) @@ to_tsquery('english',$1)) OR ) AND proj...
                                                             ^
[25-May-2017 15:06:48 Europe/Lisbon] DB Error:SQLSTATE[42601]: Syntax error: 7 ERROR:  syntax error at or near ")"
LINE 1: ...('english',title) @@ to_tsquery('english',$1)) OR ) AND proj...
                                                             ^
[25-May-2017 15:06:48 Europe/Lisbon] DB Error:SQLSTATE[42601]: Syntax error: 7 ERROR:  syntax error at or near ")"
LINE 1: ...('english',title) @@ to_tsquery('english',$1)) OR ) AND proj...
                                                             ^
[25-May-2017 15:06:48 Europe/Lisbon] DB Error:SQLSTATE[42601]: Syntax error: 7 ERROR:  syntax error at or near ")"
LINE 1: ...('english',title) @@ to_tsquery('english',$1)) OR ) AND proj...
                                                             ^
[25-May-2017 15:06:49 Europe/Lisbon] DB Error:SQLSTATE[42601]: Syntax error: 7 ERROR:  syntax error at or near ")"
LINE 1: ...('english',title) @@ to_tsquery('english',$1)) OR ) AND proj...
                                                             ^
[25-May-2017 15:06:49 Europe/Lisbon] DB Error:SQLSTATE[42601]: Syntax error: 7 ERROR:  syntax error at or near ")"
LINE 1: ...('english',title) @@ to_tsquery('english',$1)) OR ) AND proj...
                                                             ^
[25-May-2017 15:06:49 Europe/Lisbon] DB Error:SQLSTATE[42601]: Syntax error: 7 ERROR:  syntax error at or near ")"
LINE 1: ...('english',title) @@ to_tsquery('english',$1)) OR ) AND proj...
                                                             ^
[25-May-2017 15:06:49 Europe/Lisbon] DB Error:SQLSTATE[42601]: Syntax error: 7 ERROR:  syntax error at or near ")"
LINE 1: ...('english',title) @@ to_tsquery('english',$1)) OR ) AND proj...
                                                             ^
[25-May-2017 15:06:49 Europe/Lisbon] DB Error:SQLSTATE[42601]: Syntax error: 7 ERROR:  syntax error at or near ")"
LINE 1: ...('english',title) @@ to_tsquery('english',$1)) OR ) AND proj...
                                                             ^
[25-May-2017 15:06:49 Europe/Lisbon] DB Error:SQLSTATE[42601]: Syntax error: 7 ERROR:  syntax error at or near ")"
LINE 1: ...('english',title) @@ to_tsquery('english',$1)) OR ) AND proj...
                                                             ^
[25-May-2017 15:06:50 Europe/Lisbon] DB Error:SQLSTATE[42601]: Syntax error: 7 ERROR:  syntax error at or near ")"
LINE 1: ...('english',title) @@ to_tsquery('english',$1)) OR ) AND proj...
                                                             ^
[25-May-2017 15:06:50 Europe/Lisbon] DB Error:SQLSTATE[42601]: Syntax error: 7 ERROR:  syntax error at or near ")"
LINE 1: ...('english',title) @@ to_tsquery('english',$1)) OR ) AND proj...
                                                             ^
[25-May-2017 15:06:51 Europe/Lisbon] DB Error:SQLSTATE[42601]: Syntax error: 7 ERROR:  syntax error at or near ")"
LINE 1: ...('english',title) @@ to_tsquery('english',$1)) OR ) AND proj...
                                                             ^
[25-May-2017 15:06:52 Europe/Lisbon] DB Error:SQLSTATE[42601]: Syntax error: 7 ERROR:  syntax error at or near ")"
LINE 1: ...('english',title) @@ to_tsquery('english',$1)) OR ) AND proj...
                                                             ^
[25-May-2017 15:06:52 Europe/Lisbon] DB Error:SQLSTATE[42601]: Syntax error: 7 ERROR:  syntax error at or near ")"
LINE 1: ...('english',title) @@ to_tsquery('english',$1)) OR ) AND proj...
                                                             ^
[25-May-2017 15:06:52 Europe/Lisbon] DB Error:SQLSTATE[42601]: Syntax error: 7 ERROR:  syntax error at or near ")"
LINE 1: ...('english',title) @@ to_tsquery('english',$1)) OR ) AND proj...
                                                             ^
[25-May-2017 15:06:53 Europe/Lisbon] DB Error:SQLSTATE[42601]: Syntax error: 7 ERROR:  syntax error at or near ")"
LINE 1: ...('english',title) @@ to_tsquery('english',$1)) OR ) AND proj...
                                                             ^
[25-May-2017 15:06:53 Europe/Lisbon] DB Error:SQLSTATE[42601]: Syntax error: 7 ERROR:  syntax error at or near ")"
LINE 1: ...('english',title) @@ to_tsquery('english',$1)) OR ) AND proj...
                                                             ^
[25-May-2017 15:06:53 Europe/Lisbon] DB Error:SQLSTATE[42601]: Syntax error: 7 ERROR:  syntax error at or near ")"
LINE 1: ...('english',title) @@ to_tsquery('english',$1)) OR ) AND proj...
                                                             ^
[25-May-2017 15:06:53 Europe/Lisbon] DB Error:SQLSTATE[42601]: Syntax error: 7 ERROR:  syntax error at or near ")"
LINE 1: ...('english',title) @@ to_tsquery('english',$1)) OR ) AND proj...
                                                             ^
[25-May-2017 15:06:53 Europe/Lisbon] DB Error:SQLSTATE[42601]: Syntax error: 7 ERROR:  syntax error at or near ")"
LINE 1: ...('english',title) @@ to_tsquery('english',$1)) OR ) AND proj...
                                                             ^
[25-May-2017 15:06:53 Europe/Lisbon] DB Error:SQLSTATE[42601]: Syntax error: 7 ERROR:  syntax error at or near ")"
LINE 1: ...('english',title) @@ to_tsquery('english',$1)) OR ) AND proj...
                                                             ^
[25-May-2017 15:07:33 Europe/Lisbon] DB Error:SQLSTATE[42601]: Syntax error: 7 ERROR:  syntax error at or near ")"
LINE 1: ...('english',title) @@ to_tsquery('english',$1)) OR ) AND proj...
                                                             ^
[25-May-2017 15:07:34 Europe/Lisbon] DB Error:SQLSTATE[42601]: Syntax error: 7 ERROR:  syntax error at or near ")"
LINE 1: ...('english',title) @@ to_tsquery('english',$1)) OR ) AND proj...
                                                             ^
[25-May-2017 15:07:34 Europe/Lisbon] DB Error:SQLSTATE[42601]: Syntax error: 7 ERROR:  syntax error at or near ")"
LINE 1: ...('english',title) @@ to_tsquery('english',$1)) OR ) AND proj...
                                                             ^
[25-May-2017 15:07:34 Europe/Lisbon] DB Error:SQLSTATE[42601]: Syntax error: 7 ERROR:  syntax error at or near ")"
LINE 1: ...('english',title) @@ to_tsquery('english',$1)) OR ) AND proj...
                                                             ^
[25-May-2017 15:07:34 Europe/Lisbon] DB Error:SQLSTATE[42601]: Syntax error: 7 ERROR:  syntax error at or near ")"
LINE 1: ...('english',title) @@ to_tsquery('english',$1)) OR ) AND proj...
                                                             ^
[25-May-2017 15:07:50 Europe/Lisbon] DB Error:SQLSTATE[42601]: Syntax error: 7 ERROR:  syntax error at or near ")"
LINE 1: ...('english',title) @@ to_tsquery('english',$1)) OR ) AND proj...
                                                             ^
[25-May-2017 15:07:50 Europe/Lisbon] DB Error:SQLSTATE[42601]: Syntax error: 7 ERROR:  syntax error at or near ")"
LINE 1: ...('english',title) @@ to_tsquery('english',$1)) OR ) AND proj...
                                                             ^
[25-May-2017 15:07:50 Europe/Lisbon] DB Error:SQLSTATE[42601]: Syntax error: 7 ERROR:  syntax error at or near ")"
LINE 1: ...('english',title) @@ to_tsquery('english',$1)) OR ) AND proj...
                                                             ^
[25-May-2017 15:07:50 Europe/Lisbon] DB Error:SQLSTATE[42601]: Syntax error: 7 ERROR:  syntax error at or near ")"
LINE 1: ...('english',title) @@ to_tsquery('english',$1)) OR ) AND proj...
                                                             ^
[25-May-2017 15:07:50 Europe/Lisbon] DB Error:SQLSTATE[42601]: Syntax error: 7 ERROR:  syntax error at or near ")"
LINE 1: ...('english',title) @@ to_tsquery('english',$1)) OR ) AND proj...
                                                             ^
[25-May-2017 15:07:51 Europe/Lisbon] DB Error:SQLSTATE[42601]: Syntax error: 7 ERROR:  syntax error at or near ")"
LINE 1: ...('english',title) @@ to_tsquery('english',$1)) OR ) AND proj...
                                                             ^
[25-May-2017 15:07:51 Europe/Lisbon] DB Error:SQLSTATE[42601]: Syntax error: 7 ERROR:  syntax error at or near ")"
LINE 1: ...('english',title) @@ to_tsquery('english',$1)) OR ) AND proj...
                                                             ^
[25-May-2017 15:07:53 Europe/Lisbon] DB Error:SQLSTATE[42601]: Syntax error: 7 ERROR:  syntax error at or near ")"
LINE 1: ...('english',title) @@ to_tsquery('english',$1)) OR ) AND proj...
                                                             ^
[25-May-2017 15:07:53 Europe/Lisbon] DB Error:SQLSTATE[42601]: Syntax error: 7 ERROR:  syntax error at or near ")"
LINE 1: ...('english',title) @@ to_tsquery('english',$1)) OR ) AND proj...
                                                             ^
[25-May-2017 15:07:53 Europe/Lisbon] DB Error:SQLSTATE[42601]: Syntax error: 7 ERROR:  syntax error at or near ")"
LINE 1: ...('english',title) @@ to_tsquery('english',$1)) OR ) AND proj...
                                                             ^
[25-May-2017 15:07:54 Europe/Lisbon] DB Error:SQLSTATE[42601]: Syntax error: 7 ERROR:  syntax error at or near ")"
LINE 1: ...('english',title) @@ to_tsquery('english',$1)) OR ) AND proj...
                                                             ^
[25-May-2017 15:07:55 Europe/Lisbon] DB Error:SQLSTATE[42601]: Syntax error: 7 ERROR:  syntax error at or near ")"
LINE 1: ...('english',title) @@ to_tsquery('english',$1)) OR ) AND proj...
                                                             ^
[25-May-2017 15:07:55 Europe/Lisbon] DB Error:SQLSTATE[42601]: Syntax error: 7 ERROR:  syntax error at or near ")"
LINE 1: ...('english',title) @@ to_tsquery('english',$1)) OR ) AND proj...
                                                             ^
[25-May-2017 15:07:56 Europe/Lisbon] DB Error:SQLSTATE[42601]: Syntax error: 7 ERROR:  syntax error at or near ")"
LINE 1: ...('english',title) @@ to_tsquery('english',$1)) OR ) AND proj...
                                                             ^
[25-May-2017 15:07:56 Europe/Lisbon] DB Error:SQLSTATE[42601]: Syntax error: 7 ERROR:  syntax error at or near ")"
LINE 1: ...('english',title) @@ to_tsquery('english',$1)) OR ) AND proj...
                                                             ^
[25-May-2017 15:07:56 Europe/Lisbon] DB Error:SQLSTATE[42601]: Syntax error: 7 ERROR:  syntax error at or near ")"
LINE 1: ...('english',title) @@ to_tsquery('english',$1)) OR ) AND proj...
                                                             ^
[25-May-2017 15:08:09 Europe/Lisbon] DB Error:SQLSTATE[42601]: Syntax error: 7 ERROR:  syntax error at or near ")"
LINE 1: ...('english',title) @@ to_tsquery('english',$1)) OR ) AND proj...
                                                             ^
[25-May-2017 15:08:10 Europe/Lisbon] DB Error:SQLSTATE[42601]: Syntax error: 7 ERROR:  syntax error at or near ")"
LINE 1: ...('english',title) @@ to_tsquery('english',$1)) OR ) AND proj...
                                                             ^
[25-May-2017 15:08:11 Europe/Lisbon] DB Error:SQLSTATE[42601]: Syntax error: 7 ERROR:  syntax error at or near ")"
LINE 1: ...('english',title) @@ to_tsquery('english',$1)) OR ) AND proj...
                                                             ^
[25-May-2017 15:08:12 Europe/Lisbon] DB Error:SQLSTATE[42601]: Syntax error: 7 ERROR:  syntax error at or near ")"
LINE 1: ...('english',title) @@ to_tsquery('english',$1)) OR ) AND proj...
                                                             ^
[25-May-2017 15:08:12 Europe/Lisbon] DB Error:SQLSTATE[42601]: Syntax error: 7 ERROR:  syntax error at or near ")"
LINE 1: ...('english',title) @@ to_tsquery('english',$1)) OR ) AND proj...
                                                             ^
[25-May-2017 15:08:12 Europe/Lisbon] DB Error:SQLSTATE[42601]: Syntax error: 7 ERROR:  syntax error at or near ")"
LINE 1: ...('english',title) @@ to_tsquery('english',$1)) OR ) AND proj...
                                                             ^
